Build started 3/4/2013 10:06:33 PM.
     1>Project "S:\GitHub\VisionCode2013\900Vision\900Vision\900Vision.vcxproj" on node 2 (build target(s)).
     1>InitializeBuildStatus:
         Creating "Debug\900Vision.unsuccessfulbuild" because "AlwaysCreate" was specified.
       ClCompile:
         All outputs are up-to-date.
         C:\Program Files (x86)\Microsoft Visual Studio 10.0\VC\bin\CL.exe /c /IS:\libs\opencv\build\include /IS:\libs\opencv\build\include\opencv /IS:\libs\tbb41_20130116oss\include /IS:\libs\tbb41_20130116oss\include\tbb /ZI /nologo /W3 /WX- /Od /Oy- /D WIN32 /D _DEBUG /D _CONSOLE /D _UNICODE /D UNICODE /Gm /EHsc /RTC1 /MDd /GS /fp:precise /Zc:wchar_t /Zc:forScope /Yu"StdAfx.h" /Fp"Debug\900Vision.pch" /Fo"Debug\\" /Fd"Debug\vc100.pdb" /Gd /TP /analyze- /errorReport:prompt 900Vision.cpp
         900Vision.cpp
     1>s:\github\visioncode2013\900vision\900vision\900vision.cpp(139): warning C4018: '<' : signed/unsigned mismatch
       ManifestResourceCompile:
         All outputs are up-to-date.
       Link:
         C:\Program Files (x86)\Microsoft Visual Studio 10.0\VC\bin\link.exe /ERRORREPORT:PROMPT /OUT:"S:\GitHub\VisionCode2013\900Vision\Debug\900Vision.exe" /INCREMENTAL /NOLOGO S:\libs\opencv\build\x86\vc10\lib\opencv_core244d.lib S:\libs\opencv\build\x86\vc10\lib\opencv_highgui244d.lib S:\libs\opencv\build\x86\vc10\lib\opencv_video244d.lib S:\libs\opencv\build\x86\vc10\lib\opencv_ml244d.lib S:\libs\opencv\build\x86\vc10\lib\opencv_legacy244d.lib S:\libs\opencv\build\x86\vc10\lib\opencv_imgproc244d.lib S:\libs\tbb41_20130116oss\lib\ia32\vc10\tbb.lib S:\libs\tbb41_20130116oss\lib\ia32\vc10\tbb_debug.lib kernel32.lib user32.lib gdi32.lib winspool.lib comdlg32.lib advapi32.lib shell32.lib ole32.lib oleaut32.lib uuid.lib odbc32.lib odbccp32.lib /MANIFEST /ManifestFile:"Debug\900Vision.exe.intermediate.manifest" /MANIFESTUAC:"level='asInvoker' uiAccess='false'" /DEBUG /PDB:"S:\GitHub\VisionCode2013\900Vision\Debug\900Vision.pdb" /SUBSYSTEM:CONSOLE /TLBID:1 /DYNAMICBASE /NXCOMPAT /IMPLIB:"S:\GitHub\VisionCode2013\900Vision\Debug\900Vision.lib" /MACHINE:X86 Debug\900Vision.exe.embed.manifest.res
         Debug\900Vision.obj
         Debug\stdafx.obj
       Manifest:
         C:\Program Files (x86)\Microsoft SDKs\Windows\v7.0A\bin\mt.exe /nologo /verbose /out:"Debug\900Vision.exe.embed.manifest" /manifest Debug\900Vision.exe.intermediate.manifest
         All outputs are up-to-date.
       LinkEmbedManifest:
         All outputs are up-to-date.
         900Vision.vcxproj -> S:\GitHub\VisionCode2013\900Vision\Debug\900Vision.exe
       FinalizeBuildStatus:
         Deleting file "Debug\900Vision.unsuccessfulbuild".
         Touching "Debug\900Vision.lastbuildstate".
     1>Done Building Project "S:\GitHub\VisionCode2013\900Vision\900Vision\900Vision.vcxproj" (build target(s)).

Build succeeded.

Time Elapsed 00:00:04.83
